2022-09-23 18:38:58 INFO  docReports:78 - Start writing in Doc file
2022-09-23 18:38:58 INFO  docReports:79 - Printing workspaces
2022-09-23 18:38:59 INFO  docReports:92 - Printing Stats Section.....
2022-09-23 18:38:59 INFO  docReports:101 - Writing All Campaigns count in doc file.....
2022-09-23 18:39:00 INFO  docReports:109 - Writing Active Campaigns count in doc file.....
2022-09-23 18:39:00 INFO  docReports:117 - Writing All Triggered Campaigns count in doc file.....
2022-09-23 18:39:00 INFO  docReports:125 - Writing Active Triggered Campaigns count in doc file.....
2022-09-23 18:39:00 INFO  docReports:133 - Writing Batch Campaigns - Repeating Schedule count in doc file.....
2022-09-23 18:39:00 INFO  docReports:142 - Writing All Batch Campaigns count in doc file.....
2022-09-23 18:39:00 INFO  docReports:150 - Writing Landing Pages count in doc file.....
2022-09-23 18:39:00 INFO  docReports:158 - Writing Forms count in doc file.....
2022-09-23 18:39:00 INFO  docReports:166 - Writing Emails count in doc file.....
2022-09-23 18:39:01 INFO  docReports:174 - Writing Snippets count in doc file.....
2022-09-23 18:39:01 INFO  docReports:182 - Writing uploaded files count in doc file.....
2022-09-23 18:39:01 INFO  docReports:201 - Cont is less then 5 and it printing corresponding text
2022-09-23 18:39:01 INFO  docReports:224 - Stats Section completed
2022-09-23 18:39:02 WARN  docReports:273 - Test is failed hence some data is missing from Program Section

2022-09-23 18:39:02 INFO  docReports:289 - Printing Models Data
2022-09-23 18:39:02 ERROR docReports:353 - Test is failed hence does not found any data it having null values

2022-09-23 18:39:02 INFO  docReports:366 - Printing Lead scoring Section
2022-09-23 18:39:02 INFO  docReports:429 - Completed Lead Scoring Section
2022-09-23 18:39:02 INFO  docReports:437 - User have Interesting Moment Subscription
2022-09-23 18:39:02 INFO  docReports:494 - Intresting Moment part is done
2022-09-23 18:39:02 INFO  docReports:504 - Printing data of Data Management...
2022-09-23 18:39:03 INFO  docReports:522 - Event Data is printing
2022-09-23 18:39:03 INFO  docReports:545 - Events data printing  is done
2022-09-23 18:39:03 INFO  docReports:552 - Printing Nurture data
2022-09-23 18:39:03 INFO  docReports:683 -  Nurture data part is done......
2022-09-23 18:39:03 INFO  docReports:698 - Printing Segmentation Data
2022-09-23 18:39:03 ERROR docReports:741 - Test is skipped or failed so we have null value here

2022-09-23 18:39:03 INFO  docReports:743 -  Segmentation data part is done......
2022-09-23 18:39:03 INFO  docReports:753 -  Program Library part is Started
2022-09-23 18:39:03 WARN  docReports:773 - There is no image in Program Library
2022-09-23 18:39:03 WARN  docReports:773 - There is no image in Program Library
2022-09-23 18:39:03 WARN  docReports:773 - There is no image in Program Library
2022-09-23 18:39:03 WARN  docReports:773 - There is no image in Program Library
2022-09-23 18:39:03 INFO  docReports:785 - Printing Integration Data
2022-09-23 18:39:08 INFO  docReports:64 - Doc file is Ready for sandboxcopy_23may_07 Marketo
