#
# There is insufficient memory for the Java Runtime Environment to continue.
# Native memory allocation (mmap) failed to map 266338304 bytes for G1 virtual space
# Possible reasons:
#   The system is out of physical RAM or swap space
#   The process is running with CompressedOops enabled, and the Java Heap may be blocking the growth of the native heap
# Possible solutions:
#   Reduce memory load on the system
#   Increase physical memory or swap space
#   Check if swap backing store is full
#   Decrease Java heap size (-Xmx/-Xms)
#   Decrease number of Java threads
#   Decrease Java thread stack sizes (-Xss)
#   Set larger code cache with -XX:ReservedCodeCacheSize=
#   JVM is running with Zero Based Compressed Oops mode in which the Java heap is
#     placed in the first 32GB address space. The Java Heap base address is the
#     maximum limit for the native heap growth. Please use -XX:HeapBaseMinAddress
#     to set the Java Heap base and to place the Java Heap above 32GB virtual address.
# This output file may be truncated or incomplete.
#
#  Out of Memory Error (os_windows.cpp:3535), pid=37896, tid=29848
#
# JRE version:  (17.0.3+7) (build )
# Java VM: OpenJDK 64-Bit Server VM (17.0.3+7, mixed mode, sharing, tiered, compressed oops, compressed class ptrs, g1 gc, windows-amd64)
# No core dump will be written. Minidumps are not enabled by default on client versions of Windows
#

---------------  S U M M A R Y ------------

Command Line: -ea -Dfile.encoding=UTF-8 -XX:+ShowCodeDetailsInExceptionMessages org.testng.remote.RemoteTestNG -serport 63419 -protocol json -d C:\Users\pradyumna.sahoo\MarketoInstance\MarketoInstance\test-output C:\Users\pradyumna.sahoo\MarketoInstance\MarketoInstance\testng.xml

Host: Intel(R) Core(TM) i5-10210U CPU @ 1.60GHz, 8 cores, 15G,  Windows 10 , 64 bit Build 19041 (10.0.19041.1889)
Time: Fri Sep 16 15:53:01 2022 India Standard Time elapsed time: 0.425835 seconds (0d 0h 0m 0s)

---------------  T H R E A D  ---------------

Current thread (0x000001f7aa0dfa60):  JavaThread "Unknown thread" [_thread_in_vm, id=29848, stack(0x0000002a85100000,0x0000002a85200000)]

Stack: [0x0000002a85100000,0x0000002a85200000]
Native frames: (J=compiled Java code, j=interpreted, Vv=VM code, C=native code)
V  [jvm.dll+0x675efa]
V  [jvm.dll+0x830a24]
V  [jvm.dll+0x8321ce]
V  [jvm.dll+0x832833]
V  [jvm.dll+0x2454b5]
V  [jvm.dll+0x672de9]
V  [jvm.dll+0x667732]
V  [jvm.dll+0x3043ab]
V  [jvm.dll+0x30b8f6]
V  [jvm.dll+0x35b62e]
V  [jvm.dll+0x35b85f]
V  [jvm.dll+0x2db248]
V  [jvm.dll+0x2dc1b4]
V  [jvm.dll+0x802651]
V  [jvm.dll+0x3693b1]
V  [jvm.dll+0x7e1aac]
V  [jvm.dll+0x3ebd8f]
V  [jvm.dll+0x3ed911]
C  [jli.dll+0x5277]
C  [ucrtbase.dll+0x21bb2]
C  [KERNEL32.DLL+0x17034]
C  [ntdll.dll+0x52651]


---------------  P R O C E S S  ---------------

Threads class SMR info:
_java_thread_list=0x00007ffe06766e98, length=0, elements={
}

Java Threads: ( => current thread )

Other Threads:
  0x000001f7aa14c9a0 GCTaskThread "GC Thread#0" [stack: 0x0000002a85200000,0x0000002a85300000] [id=18644]
  0x000001f7aa15d660 ConcurrentGCThread "G1 Main Marker" [stack: 0x0000002a85300000,0x0000002a85400000] [id=25296]
  0x000001f7aa15f080 ConcurrentGCThread "G1 Conc#0" [stack: 0x0000002a85400000,0x0000002a85500000] [id=20172]

[error occurred during error reporting (printing all threads), id 0xc0000005, EXCEPTION_ACCESS_VIOLATION (0xc0000005) at pc=0x00007ffe05f3bcd7]

VM state: not at safepoint (not fully initialized)

VM Mutex/Monitor currently owned by a thread:  ([mutex/lock_event])
[0x000001f7aa0dcb70] Heap_lock - owner thread: 0x000001f7aa0dfa60

Heap address: 0x0000000702800000, size: 4056 MB, Compressed Oops mode: Zero based, Oop shift amount: 3

CDS archive(s) mapped at: [0x0000000000000000-0x0000000000000000-0x0000000000000000), size 0, SharedBaseAddress: 0x0000000800000000, ArchiveRelocationMode: 0.
Narrow klass base: 0x0000000000000000, Narrow klass shift: 0, Narrow klass range: 0x0

GC Precious Log:
<Empty>

Heap:
 garbage-first heap   total 0K, used 0K [0x0000000702800000, 0x0000000800000000)
  region size 2048K, 0 young (0K), 0 survivors (0K)

[error occurred during error reporting (printing heap information), id 0xc0000005, EXCEPTION_ACCESS_VIOLATION (0xc0000005) at pc=0x00007ffe0631f249]

GC Heap History (0 events):
No events

Deoptimization events (0 events):
No events

Classes unloaded (0 events):
No events

Classes redefined (0 events):
No events

Internal exceptions (0 events):
No events

VM Operations (0 events):
No events

Events (1 events):
Event: 0.400 Loaded shared library C:\Users\pradyumna.sahoo\Downloads\eclipse-jee-2022-06-R-win32-x86_64\eclipse\plugins\org.eclipse.justj.openjdk.hotspot.jre.full.win32.x86_64_17.0.3.v20220515-1416\jre\bin\java.dll


Dynamic libraries:
0x00007ff6013d0000 - 0x00007ff6013de000 	C:\Users\pradyumna.sahoo\Downloads\eclipse-jee-2022-06-R-win32-x86_64\eclipse\plugins\org.eclipse.justj.openjdk.hotspot.jre.full.win32.x86_64_17.0.3.v20220515-1416\jre\bin\javaw.exe
0x00007ffe61c30000 - 0x00007ffe61e28000 	C:\windows\SYSTEM32\ntdll.dll
0x00007ffe60170000 - 0x00007ffe6022d000 	C:\windows\System32\KERNEL32.DLL
0x00007ffe5f4f0000 - 0x00007ffe5f7be000 	C:\windows\System32\KERNELBASE.dll
0x00007ffe58d40000 - 0x00007ffe58d58000 	C:\Users\pradyumna.sahoo\Downloads\eclipse-jee-2022-06-R-win32-x86_64\eclipse\plugins\org.eclipse.justj.openjdk.hotspot.jre.full.win32.x86_64_17.0.3.v20220515-1416\jre\bin\jli.dll
0x00007ffe602e0000 - 0x00007ffe60480000 	C:\windows\System32\USER32.dll
0x00007ffe5f7c0000 - 0x00007ffe5f7e2000 	C:\windows\System32\win32u.dll
0x00007ffe60090000 - 0x00007ffe600ba000 	C:\windows\System32\GDI32.dll
0x00007ffe4eea0000 - 0x00007ffe4eeb9000 	C:\Users\pradyumna.sahoo\Downloads\eclipse-jee-2022-06-R-win32-x86_64\eclipse\plugins\org.eclipse.justj.openjdk.hotspot.jre.full.win32.x86_64_17.0.3.v20220515-1416\jre\bin\VCRUNTIME140.dll
0x00007ffe5f880000 - 0x00007ffe5f98b000 	C:\windows\System32\gdi32full.dll
0x00007ffe5f9e0000 - 0x00007ffe5fa7d000 	C:\windows\System32\msvcp_win.dll
0x00007ffe5f3c0000 - 0x00007ffe5f4c0000 	C:\windows\System32\ucrtbase.dll
0x00007ffe41450000 - 0x00007ffe416ea000 	C:\windows\WinSxS\amd64_microsoft.windows.common-controls_6595b64144ccf1df_6.0.19041.1110_none_60b5254171f9507e\COMCTL32.dll
0x00007ffe600c0000 - 0x00007ffe6015e000 	C:\windows\System32\msvcrt.dll
0x00007ffe61390000 - 0x00007ffe613c0000 	C:\windows\System32\IMM32.DLL
0x000001f7a88d0000 - 0x000001f7a88e4000 	C:\windows\System32\umppc15803.dll
0x00007ffe57690000 - 0x00007ffe5769c000 	C:\Users\pradyumna.sahoo\Downloads\eclipse-jee-2022-06-R-win32-x86_64\eclipse\plugins\org.eclipse.justj.openjdk.hotspot.jre.full.win32.x86_64_17.0.3.v20220515-1416\jre\bin\vcruntime140_1.dll
0x00007ffe1d160000 - 0x00007ffe1d1f1000 	C:\Users\pradyumna.sahoo\Downloads\eclipse-jee-2022-06-R-win32-x86_64\eclipse\plugins\org.eclipse.justj.openjdk.hotspot.jre.full.win32.x86_64_17.0.3.v20220515-1416\jre\bin\msvcp140.dll
0x00007ffe05c50000 - 0x00007ffe06898000 	C:\Users\pradyumna.sahoo\Downloads\eclipse-jee-2022-06-R-win32-x86_64\eclipse\plugins\org.eclipse.justj.openjdk.hotspot.jre.full.win32.x86_64_17.0.3.v20220515-1416\jre\bin\server\jvm.dll
0x00007ffe605b0000 - 0x00007ffe6065e000 	C:\windows\System32\ADVAPI32.dll
0x00007ffe60810000 - 0x00007ffe608ac000 	C:\windows\System32\sechost.dll
0x00007ffe5ff60000 - 0x00007ffe60085000 	C:\windows\System32\RPCRT4.dll
0x00007ffe5fdb0000 - 0x00007ffe5fdb8000 	C:\windows\System32\PSAPI.DLL
0x00007ffe4c300000 - 0x00007ffe4c309000 	C:\windows\SYSTEM32\WSOCK32.dll
0x00007ffe60ae0000 - 0x00007ffe60b4b000 	C:\windows\System32\WS2_32.dll
0x00007ffe43bf0000 - 0x00007ffe43c17000 	C:\windows\SYSTEM32\WINMM.dll
0x00007ffe58ed0000 - 0x00007ffe58eda000 	C:\windows\SYSTEM32\VERSION.dll
0x00007ffe5d0f0000 - 0x00007ffe5d102000 	C:\windows\SYSTEM32\kernel.appcore.dll
0x00007ffe4c030000 - 0x00007ffe4c03a000 	C:\Users\pradyumna.sahoo\Downloads\eclipse-jee-2022-06-R-win32-x86_64\eclipse\plugins\org.eclipse.justj.openjdk.hotspot.jre.full.win32.x86_64_17.0.3.v20220515-1416\jre\bin\jimage.dll
0x00007ffe5c8d0000 - 0x00007ffe5cab4000 	C:\windows\SYSTEM32\DBGHELP.DLL
0x00007ffe4f730000 - 0x00007ffe4f75c000 	C:\windows\SYSTEM32\dbgcore.DLL
0x00007ffe5f7f0000 - 0x00007ffe5f872000 	C:\windows\System32\bcryptPrimitives.dll
0x00007ffe2db90000 - 0x00007ffe2dbb5000 	C:\Users\pradyumna.sahoo\Downloads\eclipse-jee-2022-06-R-win32-x86_64\eclipse\plugins\org.eclipse.justj.openjdk.hotspot.jre.full.win32.x86_64_17.0.3.v20220515-1416\jre\bin\java.dll

dbghelp: loaded successfully - version: 4.0.5 - missing functions: none
symbol engine: initialized successfully - sym options: 0x614 - pdb path: .;C:\Users\pradyumna.sahoo\Downloads\eclipse-jee-2022-06-R-win32-x86_64\eclipse\plugins\org.eclipse.justj.openjdk.hotspot.jre.full.win32.x86_64_17.0.3.v20220515-1416\jre\bin;C:\windows\SYSTEM32;C:\windows\WinSxS\amd64_microsoft.windows.common-controls_6595b64144ccf1df_6.0.19041.1110_none_60b5254171f9507e;C:\Users\pradyumna.sahoo\Downloads\eclipse-jee-2022-06-R-win32-x86_64\eclipse\plugins\org.eclipse.justj.openjdk.hotspot.jre.full.win32.x86_64_17.0.3.v20220515-1416\jre\bin\server

VM Arguments:
jvm_args: -ea -Dfile.encoding=UTF-8 -XX:+ShowCodeDetailsInExceptionMessages 
java_command: org.testng.remote.RemoteTestNG -serport 63419 -protocol json -d C:\Users\pradyumna.sahoo\MarketoInstance\MarketoInstance\test-output C:\Users\pradyumna.sahoo\MarketoInstance\MarketoInstance\testng.xml
java_class_path (initial): C:\Users\pradyumna.sahoo\Downloads\eclipse-jee-2022-06-R-win32-x86_64\eclipse\configuration\org.eclipse.osgi\892\0\.cp\lib\testng-remote.jar;C:\Users\pradyumna.sahoo\MarketoInstance\MarketoInstance\target\test-classes;C:\Users\pradyumna.sahoo\MarketoInstance\MarketoInstance\target\classes;C:\Users\pradyumna.sahoo\Downloads\eclipse-jee-2022-06-R-win32-x86_64\eclipse\plugins\org.testng_7.4.0.r202105021533.jar;C:\Users\pradyumna.sahoo\Downloads\eclipse-jee-2022-06-R-win32-x86_64\eclipse\plugins\com.beust.jcommander_1.78.0.jar;C:\Users\pradyumna.sahoo\Downloads\eclipse-jee-2022-06-R-win32-x86_64\eclipse\plugins\org.apache-extras.beanshell.bsh_2.0.0.b6.jar;C:\Users\pradyumna.sahoo\Downloads\eclipse-jee-2022-06-R-win32-x86_64\eclipse\plugins\org.yaml.snakeyaml_1.27.0.v20201111-1638.jar;C:\Users\pradyumna.sahoo\Downloads\eclipse-jee-2022-06-R-win32-x86_64\eclipse\plugins\org.webjars.jquery_3.5.1.jar;C:\Users\pradyumna.sahoo\.m2\repository\org\testng\testng\6.8\testng-6.8.jar;C:\Users\pradyumna.sahoo\.m2\repository\junit\junit\4.10\junit-4.10.jar;C:\Users\pradyumna.sahoo\.m2\repository\org\beanshell\bsh\2.0b4\bsh-2.0b4.jar;C:\Users\pradyumna.sahoo\.m2\repository\com\beust\jcommander\1.27\jcommander-1.27.jar;C:\Users\pradyumna.sahoo\.m2\repository\org\yaml\snakeyaml\1.6\snakeyaml-1.6.jar;C:\Users\pradyumna.sahoo\.m2\repository\org\apache\poi\poi-ooxml\4.1.2\poi-ooxml-4.1.2.jar;C:\Users\pradyumna.sahoo\.m2\repository\org\apache\poi\poi\4.1.2\poi-4.1.2.jar;C:\Users\pradyumna.sahoo\.m2\repository\commons-codec\commons-codec\1.13\commons-codec-1.13.jar;C:\Users\pradyumna.sahoo\.m2\repository\org\apache\commons\commons-collections4\4.4\commons-collections4-4.4.jar;C:\Users\pradyumna.sahoo\.m2\repository\org\apache\commons\commons-math3\3.6.1\commons-math3-3.6.1.jar;C:\Users\pradyumna.sahoo\.m2\repository\com\zaxxer\SparseBitSet\1.2\SparseBitSet-1.2.jar;C:\Users\pradyumna.sahoo\.m2\repository\org\apache\poi\poi-ooxml-schemas\4.1.2\poi-ooxml-schemas-4.1
Launcher Type: SUN_STANDARD

[Global flags]
     intx CICompilerCount                          = 4                                         {product} {ergonomic}
     uint ConcGCThreads                            = 2                                         {product} {ergonomic}
     uint G1ConcRefinementThreads                  = 8                                         {product} {ergonomic}
   size_t G1HeapRegionSize                         = 2097152                                   {product} {ergonomic}
    uintx GCDrainStackTargetSize                   = 64                                        {product} {ergonomic}
   size_t InitialHeapSize                          = 266338304                                 {product} {ergonomic}
   size_t MarkStackSize                            = 4194304                                   {product} {ergonomic}
   size_t MaxHeapSize                              = 4253024256                                {product} {ergonomic}
   size_t MinHeapDeltaBytes                        = 2097152                                   {product} {ergonomic}
   size_t MinHeapSize                              = 8388608                                   {product} {ergonomic}
    uintx NonNMethodCodeHeapSize                   = 5839372                                {pd product} {ergonomic}
    uintx NonProfiledCodeHeapSize                  = 122909434                              {pd product} {ergonomic}
    uintx ProfiledCodeHeapSize                     = 122909434                              {pd product} {ergonomic}
    uintx ReservedCodeCacheSize                    = 251658240                              {pd product} {ergonomic}
     bool SegmentedCodeCache                       = true                                      {product} {ergonomic}
     bool ShowCodeDetailsInExceptionMessages       = true                                   {manageable} {command line}
   size_t SoftMaxHeapSize                          = 4253024256                             {manageable} {ergonomic}
     bool UseCompressedClassPointers               = true                           {product lp64_product} {ergonomic}
     bool UseCompressedOops                        = true                           {product lp64_product} {ergonomic}
     bool UseG1GC                                  = true                                      {product} {ergonomic}
     bool UseLargePagesIndividualAllocation        = false                                  {pd product} {ergonomic}

Logging:
Log output configuration:
 #0: stdout all=warning uptime,level,tags
 #1: stderr all=off uptime,level,tags

Environment Variables:
PATH=C:/Users/pradyumna.sahoo/Downloads/eclipse-jee-2022-06-R-win32-x86_64/eclipse//plugins/org.eclipse.justj.openjdk.hotspot.jre.full.win32.x86_64_17.0.3.v20220515-1416/jre/bin/server;C:/Users/pradyumna.sahoo/Downloads/eclipse-jee-2022-06-R-win32-x86_64/eclipse//plugins/org.eclipse.justj.openjdk.hotspot.jre.full.win32.x86_64_17.0.3.v20220515-1416/jre/bin;C:\Program Files\Common Files\Oracle\Java\javapath;C:\windows\system32;C:\windows;C:\windows\System32\Wbem;C:\windows\System32\WindowsPowerShell\v1.0\;C:\windows\System32\OpenSSH\;C:\Program Files\dotnet\;C:\Program Files\Microsoft SQL Server\130\Tools\Binn\;C:\Program Files\Microsoft SQL Server\Client SDK\ODBC\170\Tools\Binn\;C:\Program Files\Microsoft\Web Platform Installer\;C:\Program Files\nodejs\;C:\Program Files (x86)\Microsoft SQL Server\110\DTS\Binn\;C:\Program Files (x86)\Microsoft SQL Server\120\DTS\Binn\;C:\Program Files (x86)\Microsoft SQL Server\130\DTS\Binn\;C:\Program Files (x86)\Microsoft SQL Server\140\DTS\Binn\;C:\Program Files (x86)\Microsoft SQL Server\150\DTS\Binn\;C:\Program Files\Git\cmd;C:\Program Files\php\v7.3;C:\composer;C:\Program Files (x86)\Microsoft SQL Server\150\Tools\Binn\;C:\Program Files\Microsoft SQL Server\150\Tools\Binn\;C:\Program Files\Microsoft SQL Server\150\DTS\Binn\;C:\Program Files\Azure Data Studio\bin;C:\Program Files (x86)\dotnet\;C:\Program Files\PuTTY\;C:\Program Files\Java\jdk-17.0.3.1\bin;C:\Users\pradyumna.sahoo\AppData\Local\Microsoft\WindowsApps;C:\Users\pradyumna.sahoo\.dotnet\tools;C:\Users\pradyumna.sahoo\AppData\Roaming\npm;C:\Users\pradyumna.sahoo\AppData\Roaming\Composer\vendor\bin;C:\Program Files\Azure Data Studio\bin;C:\Users\pradyumna.sahoo\Downloads\eclipse-jee-2022-06-R-win32-x86_64\eclipse;
USERNAME=pradyumna.sahoo
OS=Windows_NT
PROCESSOR_IDENTIFIER=Intel64 Family 6 Model 142 Stepping 12, GenuineIntel



---------------  S Y S T E M  ---------------

OS:
 Windows 10 , 64 bit Build 19041 (10.0.19041.1889)
OS uptime: 3 days 6:20 hours
Hyper-V role detected

CPU: total 8 (initial active 8) (4 cores per cpu, 2 threads per core) family 6 model 142 stepping 12 microcode 0xca, cx8, cmov, fxsr, ht, mmx, 3dnowpref, sse, sse2, sse3, ssse3, sse4.1, sse4.2, popcnt, lzcnt, tsc, tscinvbit, avx, avx2, aes, erms, clmul, bmi1, bmi2, adx, fma, vzeroupper, clflush, clflushopt, hv

Memory: 4k page, system-wide physical 16221M (460M free)
TotalPageFile size 61948M (AvailPageFile size 152M)
current process WorkingSet (physical memory assigned to process): 10M, peak: 10M
current process commit charge ("private bytes"): 60M, peak: 314M

vm_info: OpenJDK 64-Bit Server VM (17.0.3+7) for windows-amd64 JRE (17.0.3+7), built on Apr 19 2022 16:55:35 by "" with MS VC++ 16.7 (VS2019)

END.
