2022-09-19 09:58:18 INFO  docReports:53 - Start writing in Doc file
2022-09-19 09:58:18 INFO  docReports:54 - Printing workspaces
2022-09-19 09:58:18 INFO  docReports:67 - Printing Stats Section.....
2022-09-19 09:58:18 INFO  docReports:76 - Writing All Campaigns count in doc file.....
2022-09-19 09:58:19 INFO  docReports:84 - Writing Active Campaigns count in doc file.....
2022-09-19 09:58:19 INFO  docReports:92 - Writing All Triggered Campaigns count in doc file.....
2022-09-19 09:58:19 INFO  docReports:100 - Writing Active Triggered Campaigns count in doc file.....
2022-09-19 09:58:19 INFO  docReports:108 - Writing Batch Campaigns - Repeating Schedule count in doc file.....
2022-09-19 09:58:19 INFO  docReports:117 - Writing All Batch Campaigns count in doc file.....
2022-09-19 09:58:19 INFO  docReports:125 - Writing Landing Pages count in doc file.....
2022-09-19 09:58:19 INFO  docReports:133 - Writing Forms count in doc file.....
2022-09-19 09:58:19 INFO  docReports:141 - Writing Emails count in doc file.....
2022-09-19 09:58:19 INFO  docReports:149 - Writing Snippets count in doc file.....
2022-09-19 09:58:19 INFO  docReports:157 - Writing uploaded files count in doc file.....
2022-09-19 09:58:19 WARN  docReports:203 - Test is failed hence some data is missing from Stats Section

2022-09-19 09:58:19 INFO  docReports:264 - Printing Models Data
2022-09-19 09:58:19 ERROR docReports:327 - Test is failed hence does not found any data it having null values

2022-09-19 09:58:19 INFO  docReports:340 - Printing Lead scoring Section
2022-09-19 09:58:19 INFO  docReports:403 - Completed Lead Scoring Section
2022-09-19 09:58:19 INFO  docReports:411 - User have Interesting Moment Subscription
2022-09-19 09:58:19 INFO  docReports:468 - Intresting Moment part is done
2022-09-19 09:58:19 INFO  docReports:478 - Printing data of Data Management...
2022-09-19 09:58:19 INFO  docReports:496 - Event Data is printing
2022-09-19 09:58:19 INFO  docReports:519 - Events data printing  is done
2022-09-19 09:58:19 INFO  docReports:526 - Printing Nurture data
2022-09-19 09:58:19 INFO  docReports:657 -  Nurture data part is done......
2022-09-19 09:58:19 INFO  docReports:671 - Printing Segmentation Data
2022-09-19 09:58:19 ERROR docReports:714 - Test is skipped or failed so we have null value here

2022-09-19 09:58:19 INFO  docReports:716 -  Segmentation data part is done......
2022-09-19 09:58:19 INFO  docReports:726 -  Program Library part is Started
2022-09-19 09:58:19 INFO  docReports:747 - Printing Integration Data
2022-09-19 09:58:19 INFO  docReports:42 - Doc file is Ready for sandboxcopy_23may_07 Marketo
